<?xml version="1.0" encoding="UTF-8"?>
<testng-results skipped="0" failed="1" total="2" passed="1">
  <reporter-output>
  </reporter-output>
  <suite name="BlueFin Test" duration-ms="492726" started-at="2012-11-15T07:31:20Z" finished-at="2012-11-15T07:39:33Z">
    <groups>
      <group name="pph">
        <method signature="InvoiceDataAccessingTest.invoiceDataAccessTest()[pri:0, instance:com.paypal.test.riskmint.pph.service.InvoiceDataAccessingTest@1a85d38]" name="invoiceDataAccessTest" class="com.paypal.test.riskmint.pph.service.InvoiceDataAccessingTest"/>
        <method signature="ProductFlagDataAccessingTest.invoiceDataAccessTest()[pri:0, instance:com.paypal.test.riskmint.pph.service.ProductFlagDataAccessingTest@17200b4]" name="invoiceDataAccessTest" class="com.paypal.test.riskmint.pph.service.ProductFlagDataAccessingTest"/>
      </group> <!-- pph -->
      <group name="regression">
        <method signature="InvoiceDataAccessingTest.invoiceDataAccessTest()[pri:0, instance:com.paypal.test.riskmint.pph.service.InvoiceDataAccessingTest@1a85d38]" name="invoiceDataAccessTest" class="com.paypal.test.riskmint.pph.service.InvoiceDataAccessingTest"/>
        <method signature="ProductFlagDataAccessingTest.invoiceDataAccessTest()[pri:0, instance:com.paypal.test.riskmint.pph.service.ProductFlagDataAccessingTest@17200b4]" name="invoiceDataAccessTest" class="com.paypal.test.riskmint.pph.service.ProductFlagDataAccessingTest"/>
      </group> <!-- regression -->
    </groups>
    <test name="JUNIT SUTIE" duration-ms="492726" started-at="2012-11-15T07:31:20Z" finished-at="2012-11-15T07:39:33Z">
      <class name="com.paypal.test.riskmint.pph.service.InvoiceDataAccessingTest">
        <test-method status="PASS" signature="invoiceDataAccessTest()[pri:0, instance:com.paypal.test.riskmint.pph.service.InvoiceDataAccessingTest@1a85d38]" name="invoiceDataAccessTest" duration-ms="80144" started-at="2012-11-15T15:31:20Z" finished-at="2012-11-15T15:32:40Z">
          <reporter-output>
          </reporter-output>
        </test-method> <!-- invoiceDataAccessTest -->
      </class> <!-- com.paypal.test.riskmint.pph.service.InvoiceDataAccessingTest -->
      <class name="com.paypal.test.riskmint.pph.service.ProductFlagDataAccessingTest">
        <test-method status="FAIL" signature="invoiceDataAccessTest()[pri:0, instance:com.paypal.test.riskmint.pph.service.ProductFlagDataAccessingTest@17200b4]" name="invoiceDataAccessTest" duration-ms="412535" started-at="2012-11-15T15:32:40Z" finished-at="2012-11-15T15:39:33Z">
          <exception class="java.lang.AssertionError">
            <full-stacktrace>
              <![CDATA[java.lang.AssertionError: 
	at org.testng.AssertJUnit.fail(AssertJUnit.java:59)
	at org.testng.AssertJUnit.assertTrue(AssertJUnit.java:24)
	at org.testng.AssertJUnit.assertTrue(AssertJUnit.java:33)
	at com.paypal.test.riskmint.pph.service.ProductFlagDataAccessingTest.invoiceDataAccessTest(ProductFlagDataAccessingTest.java:41)
	at sun.reflect.NativeMethodAccessorImpl.invoke0(Native Method)
	at sun.reflect.NativeMethodAccessorImpl.invoke(NativeMethodAccessorImpl.java:39)
	at sun.reflect.DelegatingMethodAccessorImpl.invoke(DelegatingMethodAccessorImpl.java:25)
	at java.lang.reflect.Method.invoke(Method.java:597)
	at org.testng.internal.MethodInvocationHelper.invokeMethod(MethodInvocationHelper.java:80)
	at org.testng.internal.Invoker.invokeMethod(Invoker.java:714)
	at org.testng.internal.Invoker.invokeTestMethod(Invoker.java:901)
	at org.testng.internal.Invoker.invokeTestMethods(Invoker.java:1231)
	at org.testng.internal.TestMethodWorker.invokeTestMethods(TestMethodWorker.java:127)
	at org.testng.internal.TestMethodWorker.run(TestMethodWorker.java:111)
	at java.util.concurrent.ThreadPoolExecutor$Worker.runTask(ThreadPoolExecutor.java:886)
	at java.util.concurrent.ThreadPoolExecutor$Worker.run(ThreadPoolExecutor.java:908)
	at java.lang.Thread.run(Thread.java:619)
]]>
            </full-stacktrace>
          </exception> <!-- java.lang.AssertionError -->
          <reporter-output>
          </reporter-output>
        </test-method> <!-- invoiceDataAccessTest -->
      </class> <!-- com.paypal.test.riskmint.pph.service.ProductFlagDataAccessingTest -->
    </test> <!-- JUNIT SUTIE -->
  </suite> <!-- BlueFin Test -->
</testng-results>
